2020-08-28 10:11:52,903 INFO o.s.b.StartupInfoLogger [restartedMain] Starting StartTomcatServer on DESKTOP-QEEA1RR with PID 29440 (F:\eclipse\java08blog\target\classes started by hp in F:\eclipse\java08blog)
2020-08-28 10:11:52,918 INFO o.s.b.SpringApplication [restartedMain] No active profile set, falling back to default profiles: default
2020-08-28 10:11:53,050 INFO o.s.b.l.DeferredLog [restartedMain] Devtools property defaults active! Set 'spring.devtools.add-properties' to 'false' to disable
2020-08-28 10:11:53,050 INFO o.s.b.l.DeferredLog [restartedMain] For additional web related logging consider setting the 'logging.level.web' property to 'DEBUG'
2020-08-28 10:11:55,151 INFO o.s.d.r.c.RepositoryConfigurationDelegate [restartedMain] Bootstrapping Spring Data repositories in DEFAULT mode.
2020-08-28 10:11:55,427 INFO o.s.d.r.c.RepositoryConfigurationDelegate [restartedMain] Finished Spring Data repository scanning in 253ms. Found 7 repository interfaces.
2020-08-28 10:11:56,819 INFO o.s.c.s.PostProcessorRegistrationDelegate$BeanPostProcessorChecker [restartedMain] Bean 'org.springframework.transaction.annotation.ProxyTransactionManagementConfiguration' of type [org.springframework.transaction.annotation.ProxyTransactionManagementConfiguration$$EnhancerBySpringCGLIB$$bff863c7] is not eligible for getting processed by all BeanPostProcessors (for example: not eligible for auto-proxying)
2020-08-28 10:11:58,331 INFO o.s.b.w.e.t.TomcatWebServer [restartedMain] Tomcat initialized with port(s): 8088 (http)
2020-08-28 10:11:58,352 INFO o.a.j.l.DirectJDKLog [restartedMain] Initializing ProtocolHandler ["http-nio-8088"]
2020-08-28 10:11:58,374 INFO o.a.j.l.DirectJDKLog [restartedMain] Starting service [Tomcat]
2020-08-28 10:11:58,376 INFO o.a.j.l.DirectJDKLog [restartedMain] Starting Servlet engine: [Apache Tomcat/9.0.17]
2020-08-28 10:11:58,914 INFO o.a.j.l.DirectJDKLog [restartedMain] At least one JAR was scanned for TLDs yet contained no TLDs. Enable debug logging for this logger for a complete list of JARs that were scanned but no TLDs were found in them. Skipping unneeded JARs during scanning can improve startup time and JSP compilation time.
2020-08-28 10:11:58,943 INFO o.a.j.l.DirectJDKLog [restartedMain] Initializing Spring embedded WebApplicationContext
2020-08-28 10:11:58,944 INFO o.s.b.w.s.c.ServletWebServerApplicationContext [restartedMain] Root WebApplicationContext: initialization completed in 5892 ms
2020-08-28 10:11:59,111 INFO c.z.h.HikariDataSource [restartedMain] HikariPool-1 - Starting...
2020-08-28 10:12:00,542 INFO c.z.h.HikariDataSource [restartedMain] HikariPool-1 - Start completed.
2020-08-28 10:12:01,382 INFO o.h.j.i.u.LogHelper [restartedMain] HHH000204: Processing PersistenceUnitInfo [
	name: default
	...]
2020-08-28 10:12:01,849 INFO o.h.Version [restartedMain] HHH000412: Hibernate Core {5.3.9.Final}
2020-08-28 10:12:01,852 INFO o.h.c.Environment [restartedMain] HHH000206: hibernate.properties not found
2020-08-28 10:12:02,287 INFO o.h.a.c.r.j.JavaReflectionManager [restartedMain] HCANN000001: Hibernate Commons Annotations {5.0.4.Final}
2020-08-28 10:12:02,786 INFO o.h.d.Dialect [restartedMain] HHH000400: Using dialect: org.hibernate.dialect.MySQL8Dialect
2020-08-28 10:12:04,091 INFO o.s.o.j.AbstractEntityManagerFactoryBean [restartedMain] Initialized JPA EntityManagerFactory for persistence unit 'default'
2020-08-28 10:12:04,114 INFO o.s.b.d.a.OptionalLiveReloadServer [restartedMain] LiveReload server is running on port 35729
2020-08-28 10:12:05,761 WARN o.s.b.a.o.j.JpaBaseConfiguration$JpaWebConfiguration$JpaWebMvcConfiguration [restartedMain] spring.jpa.open-in-view is enabled by default. Therefore, database queries may be performed during view rendering. Explicitly configure spring.jpa.open-in-view to disable this warning
2020-08-28 10:12:06,342 INFO o.s.s.w.DefaultSecurityFilterChain [restartedMain] Creating filter chain: any request, [org.springframework.security.web.context.request.async.WebAsyncManagerIntegrationFilter@401c99f8, org.springframework.security.web.context.SecurityContextPersistenceFilter@4a8ebb96, org.springframework.security.web.header.HeaderWriterFilter@5893515f, org.springframework.security.web.authentication.logout.LogoutFilter@ef1e9be, org.springframework.security.web.authentication.UsernamePasswordAuthenticationFilter@51bd45c8, org.springframework.security.web.savedrequest.RequestCacheAwareFilter@178db651, org.springframework.security.web.servletapi.SecurityContextHolderAwareRequestFilter@5b9186c2, org.springframework.security.web.authentication.AnonymousAuthenticationFilter@58da54eb, org.springframework.security.web.session.SessionManagementFilter@3b4497e5, org.springframework.security.web.access.ExceptionTranslationFilter@3eb82870, org.springframework.security.web.access.intercept.FilterSecurityInterceptor@101c2de]
2020-08-28 10:12:06,814 INFO o.a.j.l.DirectJDKLog [restartedMain] Starting ProtocolHandler ["http-nio-8088"]
2020-08-28 10:12:06,874 INFO o.s.b.w.e.t.TomcatWebServer [restartedMain] Tomcat started on port(s): 8088 (http) with context path ''
2020-08-28 10:12:06,879 INFO o.s.b.StartupInfoLogger [restartedMain] Started StartTomcatServer in 14.905 seconds (JVM running for 16.422)
2020-08-28 10:12:12,321 INFO o.a.j.l.DirectJDKLog [http-nio-8088-exec-1] Initializing Spring DispatcherServlet 'dispatcherServlet'
2020-08-28 10:12:12,322 INFO o.s.w.s.FrameworkServlet [http-nio-8088-exec-1] Initializing Servlet 'dispatcherServlet'
2020-08-28 10:12:12,336 INFO o.s.w.s.FrameworkServlet [http-nio-8088-exec-1] Completed initialization in 14 ms
2020-08-28 10:13:03,340 INFO o.h.h.i.QueryTranslatorFactoryInitiator [http-nio-8088-exec-9] HHH000397: Using ASTQueryTranslatorFactory
